0 info it worked if it ends with ok
1 verbose cli [ '/usr/local/Cellar/node/7.3.0/bin/node',
1 verbose cli   '/usr/local/bin/npm',
1 verbose cli   'publish' ]
2 info using npm@3.10.10
3 info using node@v7.3.0
4 verbose publish [ '.' ]
5 silly cache add args [ '.', null ]
6 verbose cache add spec .
7 silly cache add parsed spec Result {
7 silly cache add   raw: '.',
7 silly cache add   scope: null,
7 silly cache add   escapedName: null,
7 silly cache add   name: null,
7 silly cache add   rawSpec: '.',
7 silly cache add   spec: '/Users/ericjackson/Dev/command-line-args',
7 silly cache add   type: 'directory' }
8 verbose addLocalDirectory /Users/ericjackson/.npm/command-line-args/1.0.0/package.tgz not in flight; packing
9 verbose correctMkdir /Users/ericjackson/.npm correctMkdir not in flight; initializing
10 info lifecycle command-line-args@1.0.0~prepublish: command-line-args@1.0.0
11 silly lifecycle command-line-args@1.0.0~prepublish: no script for prepublish, continuing
12 verbose tar pack [ '/Users/ericjackson/.npm/command-line-args/1.0.0/package.tgz',
12 verbose tar pack   '/Users/ericjackson/Dev/command-line-args' ]
13 verbose tarball /Users/ericjackson/.npm/command-line-args/1.0.0/package.tgz
14 verbose folder /Users/ericjackson/Dev/command-line-args
15 verbose addLocalTarball adding from inside cache /Users/ericjackson/.npm/command-line-args/1.0.0/package.tgz
16 verbose correctMkdir /Users/ericjackson/.npm correctMkdir not in flight; initializing
17 silly cache afterAdd command-line-args@1.0.0
18 verbose afterAdd /Users/ericjackson/.npm/command-line-args/1.0.0/package/package.json not in flight; writing
19 verbose correctMkdir /Users/ericjackson/.npm correctMkdir not in flight; initializing
20 verbose afterAdd /Users/ericjackson/.npm/command-line-args/1.0.0/package/package.json written
21 silly publish { name: 'command-line-args',
21 silly publish   version: '1.0.0',
21 silly publish   description: 'Simple command line processing utility.',
21 silly publish   main: 'index.js',
21 silly publish   scripts: { test: 'echo "Error: no test specified" && exit 1' },
21 silly publish   author: { name: 'Eric Jackson' },
21 silly publish   license: 'MIT',
21 silly publish   repository:
21 silly publish    { type: 'git',
21 silly publish      url: 'git+https://github.com/cityofasheville/command-line-args.git' },
21 silly publish   gitHead: '70c24e813893ab01ddc26a11923c6c384e9dbd6e',
21 silly publish   bugs: { url: 'https://github.com/cityofasheville/command-line-args/issues' },
21 silly publish   readme: 'ERROR: No README data found!',
21 silly publish   homepage: 'https://github.com/cityofasheville/command-line-args#readme',
21 silly publish   _id: 'command-line-args@1.0.0',
21 silly publish   _shasum: 'a5d45bec64696b56ad9141a4d5a510734a812392',
21 silly publish   _from: '.' }
22 verbose getPublishConfig undefined
23 silly mapToRegistry name command-line-args
24 silly mapToRegistry using default registry
25 silly mapToRegistry registry https://registry.npmjs.org/
26 silly mapToRegistry data Result {
26 silly mapToRegistry   raw: 'command-line-args',
26 silly mapToRegistry   scope: null,
26 silly mapToRegistry   escapedName: 'command-line-args',
26 silly mapToRegistry   name: 'command-line-args',
26 silly mapToRegistry   rawSpec: '',
26 silly mapToRegistry   spec: 'latest',
26 silly mapToRegistry   type: 'tag' }
27 silly mapToRegistry uri https://registry.npmjs.org/command-line-args
28 verbose publish registryBase https://registry.npmjs.org/
29 silly publish uploading /Users/ericjackson/.npm/command-line-args/1.0.0/package.tgz
30 verbose request uri https://registry.npmjs.org/command-line-args
31 verbose request sending authorization for write operation
32 info attempt registry request try #1 at 2:20:20 PM
33 verbose request using bearer token for auth
34 verbose request id e70570400101a955
35 http request PUT https://registry.npmjs.org/command-line-args
36 http 403 https://registry.npmjs.org/command-line-args
37 verbose headers { 'content-type': 'application/json',
37 verbose headers   'cache-control': 'max-age=300',
37 verbose headers   'content-length': '111',
37 verbose headers   'accept-ranges': 'bytes',
37 verbose headers   date: 'Tue, 03 Jan 2017 19:20:22 GMT',
37 verbose headers   via: '1.1 varnish',
37 verbose headers   connection: 'keep-alive',
37 verbose headers   'x-served-by': 'cache-iad2623-IAD',
37 verbose headers   'x-cache': 'MISS',
37 verbose headers   'x-cache-hits': '0',
37 verbose headers   'x-timer': 'S1483471222.344823,VS0,VE223',
37 verbose headers   vary: 'Accept-Encoding' }
38 verbose request invalidating /Users/ericjackson/.npm/registry.npmjs.org/command-line-args on PUT
39 error publish Failed PUT 403
40 verbose stack Error: you do not have permission to publish "command-line-args". Are you logged in as the correct user? : command-line-args
40 verbose stack     at makeError (/usr/local/lib/node_modules/npm/node_modules/npm-registry-client/lib/request.js:302:12)
40 verbose stack     at CachingRegistryClient.<anonymous> (/usr/local/lib/node_modules/npm/node_modules/npm-registry-client/lib/request.js:290:14)
40 verbose stack     at Request._callback (/usr/local/lib/node_modules/npm/node_modules/npm-registry-client/lib/request.js:210:14)
40 verbose stack     at Request.self.callback (/usr/local/lib/node_modules/npm/node_modules/request/request.js:187:22)
40 verbose stack     at emitTwo (events.js:106:13)
40 verbose stack     at Request.emit (events.js:191:7)
40 verbose stack     at Request.<anonymous> (/usr/local/lib/node_modules/npm/node_modules/request/request.js:1048:10)
40 verbose stack     at emitOne (events.js:96:13)
40 verbose stack     at Request.emit (events.js:188:7)
40 verbose stack     at IncomingMessage.<anonymous> (/usr/local/lib/node_modules/npm/node_modules/request/request.js:969:12)
41 verbose statusCode 403
42 verbose pkgid command-line-args
43 verbose cwd /Users/ericjackson/Dev/command-line-args
44 error Darwin 16.3.0
45 error argv "/usr/local/Cellar/node/7.3.0/bin/node" "/usr/local/bin/npm" "publish"
46 error node v7.3.0
47 error npm  v3.10.10
48 error code E403
49 error you do not have permission to publish "command-line-args". Are you logged in as the correct user? : command-line-args
50 error If you need help, you may report this error at:
50 error     <https://github.com/npm/npm/issues>
51 verbose exit [ 1, true ]
